<?xml version="1.0" encoding="UTF-8"?>
<testng-results ignored="0" total="2" passed="2" failed="0" skipped="0">
  <reporter-output>
  </reporter-output>
  <suite started-at="2024-08-17T15:50:53 IST" name="Default suite" finished-at="2024-08-17T15:50:55 IST" duration-ms="2270">
    <groups>
    </groups>
    <test started-at="2024-08-17T15:50:53 IST" name="Default test" finished-at="2024-08-17T15:50:55 IST" duration-ms="2270">
      <class name="RestAssuredAPITest">
        <test-method signature="Test2()[pri:0, instance:RestAssuredAPITest@2c35e847]" started-at="2024-08-17T15:50:53 IST" name="Test2" finished-at="2024-08-17T15:50:55 IST" duration-ms="2126" status="PASS">
          <reporter-output>
          </reporter-output>
        </test-method> <!-- Test2 -->
        <test-method signature="getRequest()[pri:0, instance:RestAssuredAPITest@2c35e847]" started-at="2024-08-17T15:50:55 IST" name="getRequest" finished-at="2024-08-17T15:50:55 IST" duration-ms="114" status="PASS">
          <reporter-output>
          </reporter-output>
        </test-method> <!-- getRequest -->
      </class> <!-- RestAssuredAPITest -->
    </test> <!-- Default test -->
  </suite> <!-- Default suite -->
</testng-results>
