<?xml version="1.0" encoding="UTF-8"?>
<testng-results ignored="0" total="1" passed="1" failed="0" skipped="0">
  <reporter-output>
  </reporter-output>
  <suite started-at="2024-08-20T15:40:21 IST" name="Default suite" finished-at="2024-08-20T15:40:23 IST" duration-ms="1594">
    <groups>
    </groups>
    <test started-at="2024-08-20T15:40:21 IST" name="Default test" finished-at="2024-08-20T15:40:23 IST" duration-ms="1594">
      <class name="PostRequestTest">
        <test-method signature="postRequestTest()[pri:0, instance:PostRequestTest@52af26ee]" started-at="2024-08-20T15:40:21 IST" name="postRequestTest" finished-at="2024-08-20T15:40:23 IST" duration-ms="1567" status="PASS">
          <reporter-output>
          </reporter-output>
        </test-method> <!-- postRequestTest -->
      </class> <!-- PostRequestTest -->
    </test> <!-- Default test -->
  </suite> <!-- Default suite -->
</testng-results>
